<?xml version="1.0" encoding="UTF-8" ?>
<testsuite tests="15" failures="0" name="com.example.ShoppingCartTest" time="0.001" errors="0" skipped="0">
  <properties>
    <property name="java.runtime.name" value="Java(TM) SE Runtime Environment"/>
    <property name="sun.boot.library.path" value="C:\Program Files\Java\jdk1.8\jre\bin"/>
    <property name="java.vm.version" value="25.121-b13"/>
    <property name="java.vm.vendor" value="Oracle Corporation"/>
    <property name="maven.multiModuleProjectDirectory" value="C:\Git-projects\bank"/>
    <property name="java.vendor.url" value="http://java.oracle.com/"/>
    <property name="path.separator" value=";"/>
    <property name="guice.disable.misplaced.annotation.check" value="true"/>
    <property name="java.vm.name" value="Java HotSpot(TM) 64-Bit Server VM"/>
    <property name="file.encoding.pkg" value="sun.io"/>
    <property name="user.script" value=""/>
    <property name="user.country" value="US"/>
    <property name="sun.java.launcher" value="SUN_STANDARD"/>
    <property name="sun.os.patch.level" value="Service Pack 1"/>
    <property name="java.vm.specification.name" value="Java Virtual Machine Specification"/>
    <property name="user.dir" value="C:\Git-projects\bank"/>
    <property name="java.runtime.version" value="1.8.0_121-b13"/>
    <property name="java.awt.graphicsenv" value="sun.awt.Win32GraphicsEnvironment"/>
    <property name="java.endorsed.dirs" value="C:\Program Files\Java\jdk1.8\jre\lib\endorsed"/>
    <property name="os.arch" value="amd64"/>
    <property name="java.io.tmpdir" value="C:\Users\IBM_AD~1\AppData\Local\Temp\"/>
    <property name="line.separator" value="
"/>
    <property name="java.vm.specification.vendor" value="Oracle Corporation"/>
    <property name="user.variant" value=""/>
    <property name="os.name" value="Windows 7"/>
    <property name="classworlds.conf" value="C:\Selenium Driver\apache-maven-3.5.0\bin\..\bin\m2.conf"/>
    <property name="sun.jnu.encoding" value="Cp1252"/>
    <property name="java.library.path" value="C:\Program Files\Java\jdk1.8\bin;C:\windows\Sun\Java\bin;C:\windows\system32;C:\windows;C:\oracle\app\oracle\product\11.2.0\server\bin;C:\Program Files\Java\jdk1.8\bin;C:\Program Files\Java\jre8;C:\Program Files\Java\sonar-scanner-3.0.0.702-windows\bin;C:\Selenium Driver\apache-maven-3.5.0\bin;C:\Windows\System32;C:\maven\apache-maven-3.5.0\bin\bin;C:\Program Files\Java\jre8\bin\bin;C:\Program Files\Git\cmd;C:\Program Files\Intel\WiFi\bin\;C:\Program Files\Common Files\Intel\WirelessCommon\;."/>
    <property name="maven.conf" value="C:\Selenium Driver\apache-maven-3.5.0\bin\../conf"/>
    <property name="java.specification.name" value="Java Platform API Specification"/>
    <property name="java.class.version" value="52.0"/>
    <property name="sun.management.compiler" value="HotSpot 64-Bit Tiered Compilers"/>
    <property name="os.version" value="6.1"/>
    <property name="library.jansi.path" value="C:\Selenium Driver\apache-maven-3.5.0\bin\..\lib\jansi-native\windows64"/>
    <property name="user.home" value="C:\Users\IBM_ADMIN"/>
    <property name="user.timezone" value="Asia/Calcutta"/>
    <property name="java.awt.printerjob" value="sun.awt.windows.WPrinterJob"/>
    <property name="java.specification.version" value="1.8"/>
    <property name="file.encoding" value="Cp1252"/>
    <property name="user.name" value="IBM"/>
    <property name="java.class.path" value="C:\Selenium Driver\apache-maven-3.5.0\bin\..\boot\plexus-classworlds-2.5.2.jar"/>
    <property name="java.vm.specification.version" value="1.8"/>
    <property name="sun.arch.data.model" value="64"/>
    <property name="java.home" value="C:\Program Files\Java\jdk1.8\jre"/>
    <property name="sun.java.command" value="org.codehaus.plexus.classworlds.launcher.Launcher test"/>
    <property name="java.specification.vendor" value="Oracle Corporation"/>
    <property name="user.language" value="en"/>
    <property name="awt.toolkit" value="sun.awt.windows.WToolkit"/>
    <property name="java.vm.info" value="mixed mode"/>
    <property name="java.version" value="1.8.0_121"/>
    <property name="java.ext.dirs" value="C:\Program Files\Java\jdk1.8\jre\lib\ext;C:\windows\Sun\Java\lib\ext"/>
    <property name="sun.boot.class.path" value="C:\Program Files\Java\jdk1.8\jre\lib\resources.jar;C:\Program Files\Java\jdk1.8\jre\lib\rt.jar;C:\Program Files\Java\jdk1.8\jre\lib\sunrsasign.jar;C:\Program Files\Java\jdk1.8\jre\lib\jsse.jar;C:\Program Files\Java\jdk1.8\jre\lib\jce.jar;C:\Program Files\Java\jdk1.8\jre\lib\charsets.jar;C:\Program Files\Java\jdk1.8\jre\lib\jfr.jar;C:\Program Files\Java\jdk1.8\jre\classes"/>
    <property name="sun.stderr.encoding" value="cp437"/>
    <property name="java.vendor" value="Oracle Corporation"/>
    <property name="maven.home" value="C:\Selenium Driver\apache-maven-3.5.0\bin\.."/>
    <property name="file.separator" value="\"/>
    <property name="java.vendor.url.bug" value="http://bugreport.sun.com/bugreport/"/>
    <property name="sun.cpu.endian" value="little"/>
    <property name="sun.io.unicode.encoding" value="UnicodeLittle"/>
    <property name="sun.stdout.encoding" value="cp437"/>
    <property name="sun.desktop" value="windows"/>
    <property name="sun.cpu.isalist" value="amd64"/>
  </properties>
  <testcase classname="com.example.ShoppingCartTest" name="removingWatchFromCartShouldRemoveWatchOnly" time="0"/>
  <testcase classname="com.example.ShoppingCartTest" name="addingDuplicateItemShouldAlsoBeAddedToCart" time="0"/>
  <testcase classname="com.example.ShoppingCartTest" name="removingOnlyItemShouldRemoveItFromCart" time="0"/>
  <testcase classname="com.example.ShoppingCartTest" name="addingLaptopShouldAddLaptopOnly" time="0"/>
  <testcase classname="com.example.ShoppingCartTest" name="removingNonExistantProductShouldThrowException" time="0"/>
  <testcase classname="com.example.ShoppingCartTest" name="placingOrderShouldTakeOnlyFiveSecondsAsPerSLA" time="0"/>
  <testcase classname="com.example.ShoppingCartTest" name="addingDuplicateItemShouldIncreaseItemQuantity" time="0"/>
  <testcase classname="com.example.ShoppingCartTest" name="addingFiveItemsShouldMakeCartSizeToBeFive" time="0"/>
  <testcase classname="com.example.ShoppingCartTest" name="addingOneItemShouldIncreaseCartSize" time="0"/>
  <testcase classname="com.example.ShoppingCartTest" name="emptyingCartShouldDecreaseCartSizeToBeZero" time="0"/>
  <testcase classname="com.example.ShoppingCartTest" name="emptyCartShouldProductNonNullResult" time="0"/>
  <testcase classname="com.example.ShoppingCartTest" name="placingOrderShouldGenerateOrderNumber" time="0"/>
  <testcase classname="com.example.ShoppingCartTest" name="checkCartPriceShouldBeAccurate" time="0.001"/>
  <testcase classname="com.example.ShoppingCartTest" name="emptyCartShouldHaveZeroItems" time="0"/>
  <testcase classname="com.example.ShoppingCartTest" name="removingItemShouldDecreaseCartSize" time="0"/>
</testsuite>